internal/modules/cjs/loader.js:985
  throw err;
  ^

Error: Cannot find module 'C:\Users\Frnk.000\Documents\Proyecto_Nom35-Plataforma_digital\Ads-master\server.js'
    at Function.Module._resolveFilename (internal/modules/cjs/loader.js:982:15)
    at Function.Module._load (internal/modules/cjs/loader.js:864:27)
    at Function.executeUserEntryPoint [as runMain] (internal/modules/run_main.js:74:12)
    at internal/main/run_main_module.js:18:47 {
  code: 'MODULE_NOT_FOUND',
  requireStack: []
}
internal/modules/cjs/loader.js:985
  throw err;
  ^

Error: Cannot find module 'C:\Users\Frnk.000\Documents\Proyecto_Nom35-Plataforma_digital\Ads-master\server.js'
    at Function.Module._resolveFilename (internal/modules/cjs/loader.js:982:15)
    at Function.Module._load (internal/modules/cjs/loader.js:864:27)
    at Function.executeUserEntryPoint [as runMain] (internal/modules/run_main.js:74:12)
    at internal/main/run_main_module.js:18:47 {
  code: 'MODULE_NOT_FOUND',
  requireStack: []
}
